<?xml version="1.0" encoding="UTF-8"?>
<testng-results ignored="0" total="1" passed="1" failed="0" skipped="0">
  <reporter-output>
  </reporter-output>
  <suite started-at="2024-12-22T11:53:23 IST" name="Default suite" finished-at="2024-12-22T11:54:22 IST" duration-ms="59211">
    <groups>
    </groups>
    <test started-at="2024-12-22T11:53:23 IST" name="Default test" finished-at="2024-12-22T11:54:22 IST" duration-ms="59211">
      <class name="sele.nium.ExcellTest">
        <test-method is-config="true" signature="setup()[pri:0, instance:sele.nium.ExcellTest@fa49800]" started-at="2024-12-22T11:53:23 IST" name="setup" finished-at="2024-12-22T11:53:28 IST" duration-ms="4640" status="PASS">
          <reporter-output>
          </reporter-output>
        </test-method> <!-- setup -->
        <test-method signature="mainTest()[pri:0, instance:sele.nium.ExcellTest@fa49800]" started-at="2024-12-22T11:53:28 IST" name="mainTest" finished-at="2024-12-22T11:54:22 IST" duration-ms="54189" status="PASS">
          <reporter-output>
          </reporter-output>
        </test-method> <!-- mainTest -->
        <test-method is-config="true" signature="teardown()[pri:0, instance:sele.nium.ExcellTest@fa49800]" started-at="2024-12-22T11:54:22 IST" name="teardown" finished-at="2024-12-22T11:54:22 IST" duration-ms="352" status="PASS">
          <reporter-output>
          </reporter-output>
        </test-method> <!-- teardown -->
      </class> <!-- sele.nium.ExcellTest -->
    </test> <!-- Default test -->
  </suite> <!-- Default suite -->
</testng-results>
